Fri May  1 17:17:41 2015
tid:-58701552 /home/mark/src/dbt2/src/libpq/dbc_new_order.c:111
ERROR:  deadlock detected
DETAIL:  Process 20690 waits for ShareLock on transaction 861981; blocked by process 20694.
Process 20694 waits for ShareLock on transaction 861980; blocked by process 20690.
HINT:  See server log for query details.
CONTEXT:  while updating tuple (5277,39) in relation "stock"
SQL statement "UPDATE stock
SET s_quantity = s_quantity - $1
WHERE s_i_id = $2
  AND s_w_id = $3"

Fri May  1 17:23:15 2015
tid:-58439408 /home/mark/src/dbt2/src/libpq/dbc_new_order.c:111
ERROR:  deadlock detected
DETAIL:  Process 20687 waits for ShareLock on transaction 1263187; blocked by process 20692.
Process 20692 waits for ShareLock on transaction 1263188; blocked by process 20687.
HINT:  See server log for query details.
CONTEXT:  while updating tuple (5058,291) in relation "stock"
SQL statement "UPDATE stock
SET s_quantity = s_quantity - $1
WHERE s_i_id = $2
  AND s_w_id = $3"

Fri May  1 17:25:18 2015
tid:-61454064 /home/mark/src/dbt2/src/client_interface.c:33
socket closed on _receive
Fri May  1 17:25:18 2015
tid:-61060848 /home/mark/src/dbt2/src/client_interface.c:33
socket closed on _receive
Fri May  1 17:25:18 2015
tid:-46434032 /home/mark/src/dbt2/src/client_interface.c:33
socket closed on _receive
Fri May  1 17:25:18 2015
tid:-61322992 /home/mark/src/dbt2/src/client_interface.c:33
socket closed on _receive
Fri May  1 17:25:18 2015
tid:-60667632 /home/mark/src/dbt2/src/client_interface.c:33
socket closed on _receive
Fri May  1 17:25:18 2015
tid:-61585136 /home/mark/src/dbt2/src/client_interface.c:33
socket closed on _receive
Fri May  1 17:25:18 2015
tid:-60536560 /home/mark/src/dbt2/src/client_interface.c:33
socket closed on _receive
Fri May  1 17:25:18 2015
tid:-60798704 /home/mark/src/dbt2/src/client_interface.c:33
socket closed on _receive
Fri May  1 17:25:18 2015
tid:-60929776 /home/mark/src/dbt2/src/client_interface.c:33
socket closed on _receive
Fri May  1 17:25:18 2015
tid:-61191920 /home/mark/src/dbt2/src/client_interface.c:33
socket closed on _receive
